::1 - - [18/Apr/2023:19:53:21 +0000] "GET / HTTP/1.1" 200 3114
::1 - - [18/Apr/2023:19:53:21 +0000] "GET /static/css/main.eeee33f0.chunk.css HTTP/1.1" 200 841
::1 - - [18/Apr/2023:19:53:21 +0000] "GET /static/js/main.d2e49e26.chunk.js HTTP/1.1" 200 92937
::1 - - [18/Apr/2023:19:53:21 +0000] "GET /static/js/8.f30bf9e2.chunk.js HTTP/1.1" 200 2332439
::1 - - [18/Apr/2023:19:53:21 +0000] "GET /static/css/main.eeee33f0.chunk.css HTTP/1.1" 200 841
::1 - - [18/Apr/2023:19:53:21 +0000] "GET /static/js/0.51c458f7.chunk.js HTTP/1.1" 200 28824
::1 - - [18/Apr/2023:19:53:21 +0000] "GET /static/js/1.722392fe.chunk.js HTTP/1.1" 200 9088
::1 - - [18/Apr/2023:19:53:21 +0000] "GET /static/js/3.059ce359.chunk.js HTTP/1.1" 200 34427
::1 - - [18/Apr/2023:19:53:21 +0000] "GET /static/js/2.1f74af05.chunk.js HTTP/1.1" 200 59223
::1 - - [18/Apr/2023:19:53:21 +0000] "GET /static/js/4.3183ad7d.chunk.js HTTP/1.1" 200 40978
::1 - - [18/Apr/2023:19:53:21 +0000] "GET /static/media/logo.b0216f6e.png HTTP/1.1" 200 350482
::1 - - [18/Apr/2023:19:53:21 +0000] "GET /lock.png HTTP/1.1" 200 3426
::1 - - [18/Apr/2023:19:53:21 +0000] "GET /networks/eth.svg HTTP/1.1" 200 552
::1 - - [18/Apr/2023:19:53:21 +0000] "GET /networks/cronos.svg HTTP/1.1" 200 964
::1 - - [18/Apr/2023:19:53:21 +0000] "GET /networks/bsc.png HTTP/1.1" 200 12213
::1 - - [18/Apr/2023:19:53:21 +0000] "GET /networks/matic.svg HTTP/1.1" 200 1286
::1 - - [18/Apr/2023:19:53:21 +0000] "GET /networks/avax.svg HTTP/1.1" 200 1619
::1 - - [18/Apr/2023:19:53:21 +0000] "GET /networks/kek.png HTTP/1.1" 200 76191
::1 - - [18/Apr/2023:19:53:21 +0000] "GET /networks/fren.svg HTTP/1.1" 200 477013
::1 - - [18/Apr/2023:19:53:24 +0000] "GET /dashboard HTTP/1.1" 200 3114
::1 - - [18/Apr/2023:19:53:25 +0000] "GET /static/css/main.eeee33f0.chunk.css HTTP/1.1" 304 -
::1 - - [18/Apr/2023:19:53:25 +0000] "GET /static/js/8.f30bf9e2.chunk.js HTTP/1.1" 304 -
::1 - - [18/Apr/2023:19:53:25 +0000] "GET /static/js/main.d2e49e26.chunk.js HTTP/1.1" 304 -
::1 - - [18/Apr/2023:19:53:25 +0000] "GET /static/media/logo.b0216f6e.png HTTP/1.1" 304 -
::1 - - [18/Apr/2023:19:53:25 +0000] "GET /static/js/0.51c458f7.chunk.js HTTP/1.1" 304 -
::1 - - [18/Apr/2023:19:53:25 +0000] "GET /static/js/1.722392fe.chunk.js HTTP/1.1" 304 -
::1 - - [18/Apr/2023:19:53:25 +0000] "GET /static/js/2.1f74af05.chunk.js HTTP/1.1" 304 -
::1 - - [18/Apr/2023:19:53:25 +0000] "GET /static/js/3.059ce359.chunk.js HTTP/1.1" 304 -
::1 - - [18/Apr/2023:19:53:25 +0000] "GET /static/js/4.3183ad7d.chunk.js HTTP/1.1" 304 -
::1 - - [18/Apr/2023:19:53:25 +0000] "GET /favicon.png HTTP/1.1" 200 28680
::1 - - [18/Apr/2023:19:53:25 +0000] "GET /lock.png HTTP/1.1" 304 -
::1 - - [18/Apr/2023:19:53:25 +0000] "GET /networks/eth.svg HTTP/1.1" 304 -
::1 - - [18/Apr/2023:19:53:25 +0000] "GET /networks/cronos.svg HTTP/1.1" 304 -
::1 - - [18/Apr/2023:19:53:25 +0000] "GET /networks/bsc.png HTTP/1.1" 304 -
::1 - - [18/Apr/2023:19:53:25 +0000] "GET /networks/matic.svg HTTP/1.1" 304 -
::1 - - [18/Apr/2023:19:53:25 +0000] "GET /networks/avax.svg HTTP/1.1" 304 -
::1 - - [18/Apr/2023:19:53:25 +0000] "GET /networks/fren.svg HTTP/1.1" 304 -
::1 - - [18/Apr/2023:19:53:25 +0000] "GET /networks/kek.png HTTP/1.1" 304 -
::1 - - [18/Apr/2023:19:53:25 +0000] "GET /favicon.png HTTP/1.1" 304 -
::1 - - [18/Apr/2023:19:53:26 +0000] "GET /static/media/meta-mask.9d774d68.svg HTTP/1.1" 200 3583
::1 - - [18/Apr/2023:19:53:26 +0000] "GET /static/media/wallet-connect.bfb41415.svg HTTP/1.1" 200 2315
::1 - - [18/Apr/2023:19:53:28 +0000] "GET /favicon.png HTTP/1.1" 200 28680
::1 - - [18/Apr/2023:19:53:31 +0000] "GET /project.png HTTP/1.1" 200 10186
::1 - - [18/Apr/2023:19:54:24 +0000] "GET /static/css/main.eeee33f0.chunk.css HTTP/1.1" 304 -
::1 - - [18/Apr/2023:19:54:24 +0000] "GET /static/css/main.eeee33f0.chunk.css.map HTTP/1.1" 200 2762
::1 - - [18/Apr/2023:19:54:24 +0000] "GET /static/js/0.51c458f7.chunk.js.map HTTP/1.1" 200 129084
::1 - - [18/Apr/2023:19:54:24 +0000] "GET /static/js/1.722392fe.chunk.js.map HTTP/1.1" 200 39929
::1 - - [18/Apr/2023:19:54:24 +0000] "GET /static/js/main.d2e49e26.chunk.js.map HTTP/1.1" 200 256846
::1 - - [18/Apr/2023:19:54:24 +0000] "GET /static/js/8.f30bf9e2.chunk.js.map HTTP/1.1" 200 6238605
::1 - - [18/Apr/2023:19:54:24 +0000] "GET /static/js/2.1f74af05.chunk.js.map HTTP/1.1" 200 295746
::1 - - [18/Apr/2023:19:54:24 +0000] "GET /static/js/3.059ce359.chunk.js.map HTTP/1.1" 200 195970
::1 - - [18/Apr/2023:19:54:24 +0000] "GET /static/js/4.3183ad7d.chunk.js.map HTTP/1.1" 200 131403
::1 - - [18/Apr/2023:19:56:24 +0000] "GET /dashboard HTTP/1.1" 200 3114
::1 - - [18/Apr/2023:19:56:24 +0000] "GET /static/css/main.eeee33f0.chunk.css HTTP/1.1" 200 841
::1 - - [18/Apr/2023:19:56:24 +0000] "GET /static/js/main.d2e49e26.chunk.js HTTP/1.1" 200 92937
::1 - - [18/Apr/2023:19:56:24 +0000] "GET /static/js/8.f30bf9e2.chunk.js HTTP/1.1" 200 2332439
::1 - - [18/Apr/2023:19:56:24 +0000] "GET /static/css/main.eeee33f0.chunk.css.map HTTP/1.1" 304 -
::1 - - [18/Apr/2023:19:56:24 +0000] "GET /static/js/8.f30bf9e2.chunk.js.map HTTP/1.1" 304 -
::1 - - [18/Apr/2023:19:56:24 +0000] "GET /static/js/0.51c458f7.chunk.js HTTP/1.1" 200 28824
::1 - - [18/Apr/2023:19:56:24 +0000] "GET /static/js/1.722392fe.chunk.js HTTP/1.1" 200 9088
::1 - - [18/Apr/2023:19:56:24 +0000] "GET /static/js/2.1f74af05.chunk.js HTTP/1.1" 200 59223
::1 - - [18/Apr/2023:19:56:24 +0000] "GET /static/js/4.3183ad7d.chunk.js HTTP/1.1" 200 40978
::1 - - [18/Apr/2023:19:56:24 +0000] "GET /static/js/3.059ce359.chunk.js HTTP/1.1" 200 34427
::1 - - [18/Apr/2023:19:56:24 +0000] "GET /static/media/logo.b0216f6e.png HTTP/1.1" 200 350482
::1 - - [18/Apr/2023:19:56:24 +0000] "GET /favicon.png HTTP/1.1" 200 28680
::1 - - [18/Apr/2023:19:56:24 +0000] "GET /lock.png HTTP/1.1" 200 3426
::1 - - [18/Apr/2023:19:56:24 +0000] "GET /networks/eth.svg HTTP/1.1" 200 552
::1 - - [18/Apr/2023:19:56:24 +0000] "GET /networks/cronos.svg HTTP/1.1" 200 964
::1 - - [18/Apr/2023:19:56:24 +0000] "GET /networks/bsc.png HTTP/1.1" 200 12213
::1 - - [18/Apr/2023:19:56:24 +0000] "GET /networks/matic.svg HTTP/1.1" 200 1286
::1 - - [18/Apr/2023:19:56:24 +0000] "GET /networks/avax.svg HTTP/1.1" 200 1619
::1 - - [18/Apr/2023:19:56:24 +0000] "GET /networks/kek.png HTTP/1.1" 200 76191
::1 - - [18/Apr/2023:19:56:24 +0000] "GET /networks/fren.svg HTTP/1.1" 200 477013
::1 - - [18/Apr/2023:19:56:24 +0000] "GET /static/js/main.d2e49e26.chunk.js.map HTTP/1.1" 304 -
::1 - - [18/Apr/2023:19:56:24 +0000] "GET /static/js/0.51c458f7.chunk.js.map HTTP/1.1" 304 -
::1 - - [18/Apr/2023:19:56:24 +0000] "GET /static/js/1.722392fe.chunk.js.map HTTP/1.1" 304 -
::1 - - [18/Apr/2023:19:56:24 +0000] "GET /static/js/3.059ce359.chunk.js.map HTTP/1.1" 304 -
::1 - - [18/Apr/2023:19:56:24 +0000] "GET /static/js/2.1f74af05.chunk.js.map HTTP/1.1" 304 -
::1 - - [18/Apr/2023:19:56:24 +0000] "GET /favicon.png HTTP/1.1" 200 28680
::1 - - [18/Apr/2023:19:56:24 +0000] "GET /static/js/4.3183ad7d.chunk.js.map HTTP/1.1" 304 -
::1 - - [18/Apr/2023:19:56:24 +0000] "GET /static/media/meta-mask.9d774d68.svg HTTP/1.1" 304 -
::1 - - [18/Apr/2023:19:56:28 +0000] "GET /project.png HTTP/1.1" 304 -
::1 - - [18/Apr/2023:19:58:25 +0000] "GET /dashboard HTTP/1.1" 200 3114
::1 - - [18/Apr/2023:19:58:25 +0000] "GET /static/css/main.eeee33f0.chunk.css HTTP/1.1" 200 841
::1 - - [18/Apr/2023:19:58:25 +0000] "GET /static/js/main.d2e49e26.chunk.js HTTP/1.1" 200 92937
::1 - - [18/Apr/2023:19:58:25 +0000] "GET /static/js/8.f30bf9e2.chunk.js HTTP/1.1" 200 2332439
::1 - - [18/Apr/2023:19:58:25 +0000] "GET /static/js/8.f30bf9e2.chunk.js.map HTTP/1.1" 304 -
::1 - - [18/Apr/2023:19:58:26 +0000] "GET /static/js/main.d2e49e26.chunk.js.map HTTP/1.1" 304 -
::1 - - [18/Apr/2023:19:58:26 +0000] "GET /static/media/logo.b0216f6e.png HTTP/1.1" 200 350482
::1 - - [18/Apr/2023:19:58:26 +0000] "GET /static/js/0.51c458f7.chunk.js HTTP/1.1" 200 28824
::1 - - [18/Apr/2023:19:58:26 +0000] "GET /static/js/1.722392fe.chunk.js HTTP/1.1" 200 9088
::1 - - [18/Apr/2023:19:58:26 +0000] "GET /static/css/main.eeee33f0.chunk.css.map HTTP/1.1" 304 -
::1 - - [18/Apr/2023:19:58:26 +0000] "GET /static/js/2.1f74af05.chunk.js HTTP/1.1" 200 59223
::1 - - [18/Apr/2023:19:58:26 +0000] "GET /static/js/3.059ce359.chunk.js HTTP/1.1" 200 34427
::1 - - [18/Apr/2023:19:58:26 +0000] "GET /static/js/0.51c458f7.chunk.js.map HTTP/1.1" 304 -
::1 - - [18/Apr/2023:19:58:26 +0000] "GET /static/js/4.3183ad7d.chunk.js HTTP/1.1" 200 40978
::1 - - [18/Apr/2023:19:58:26 +0000] "GET /favicon.png HTTP/1.1" 200 28680
::1 - - [18/Apr/2023:19:58:26 +0000] "GET /static/js/1.722392fe.chunk.js.map HTTP/1.1" 304 -
::1 - - [18/Apr/2023:19:58:26 +0000] "GET /static/js/2.1f74af05.chunk.js.map HTTP/1.1" 304 -
::1 - - [18/Apr/2023:19:58:26 +0000] "GET /static/js/3.059ce359.chunk.js.map HTTP/1.1" 304 -
::1 - - [18/Apr/2023:19:58:26 +0000] "GET /static/js/4.3183ad7d.chunk.js.map HTTP/1.1" 304 -
::1 - - [18/Apr/2023:19:58:26 +0000] "GET /lock.png HTTP/1.1" 200 3426
::1 - - [18/Apr/2023:19:58:26 +0000] "GET /networks/eth.svg HTTP/1.1" 200 552
::1 - - [18/Apr/2023:19:58:26 +0000] "GET /networks/cronos.svg HTTP/1.1" 200 964
::1 - - [18/Apr/2023:19:58:26 +0000] "GET /networks/matic.svg HTTP/1.1" 200 1286
::1 - - [18/Apr/2023:19:58:26 +0000] "GET /networks/bsc.png HTTP/1.1" 200 12213
::1 - - [18/Apr/2023:19:58:26 +0000] "GET /networks/avax.svg HTTP/1.1" 200 1619
::1 - - [18/Apr/2023:19:58:26 +0000] "GET /networks/kek.png HTTP/1.1" 200 76191
::1 - - [18/Apr/2023:19:58:26 +0000] "GET /networks/fren.svg HTTP/1.1" 200 477013
::1 - - [18/Apr/2023:19:58:26 +0000] "GET /static/media/meta-mask.9d774d68.svg HTTP/1.1" 200 3583
::1 - - [18/Apr/2023:19:58:26 +0000] "GET /favicon.png HTTP/1.1" 200 28680
::1 - - [18/Apr/2023:19:58:29 +0000] "GET /project.png HTTP/1.1" 304 -
::1 - - [18/Apr/2023:19:59:01 +0000] "GET /dashboard HTTP/1.1" 200 3114
::1 - - [18/Apr/2023:19:59:01 +0000] "GET /static/css/main.eeee33f0.chunk.css HTTP/1.1" 200 841
::1 - - [18/Apr/2023:19:59:01 +0000] "GET /static/js/main.d2e49e26.chunk.js HTTP/1.1" 200 92937
::1 - - [18/Apr/2023:19:59:01 +0000] "GET /static/js/8.f30bf9e2.chunk.js HTTP/1.1" 200 2332439
::1 - - [18/Apr/2023:19:59:01 +0000] "GET /static/css/main.eeee33f0.chunk.css.map HTTP/1.1" 304 -
::1 - - [18/Apr/2023:19:59:01 +0000] "GET /static/js/8.f30bf9e2.chunk.js.map HTTP/1.1" 304 -
::1 - - [18/Apr/2023:19:59:01 +0000] "GET /static/media/logo.b0216f6e.png HTTP/1.1" 200 350482
::1 - - [18/Apr/2023:19:59:01 +0000] "GET /static/js/main.d2e49e26.chunk.js.map HTTP/1.1" 304 -
::1 - - [18/Apr/2023:19:59:01 +0000] "GET /static/js/0.51c458f7.chunk.js HTTP/1.1" 200 28824
::1 - - [18/Apr/2023:19:59:01 +0000] "GET /static/js/1.722392fe.chunk.js HTTP/1.1" 200 9088
::1 - - [18/Apr/2023:19:59:01 +0000] "GET /static/js/2.1f74af05.chunk.js HTTP/1.1" 200 59223
::1 - - [18/Apr/2023:19:59:01 +0000] "GET /static/js/3.059ce359.chunk.js HTTP/1.1" 200 34427
::1 - - [18/Apr/2023:19:59:01 +0000] "GET /static/js/4.3183ad7d.chunk.js HTTP/1.1" 200 40978
::1 - - [18/Apr/2023:19:59:01 +0000] "GET /favicon.png HTTP/1.1" 200 28680
::1 - - [18/Apr/2023:19:59:01 +0000] "GET /static/js/0.51c458f7.chunk.js.map HTTP/1.1" 304 -
::1 - - [18/Apr/2023:19:59:01 +0000] "GET /static/js/1.722392fe.chunk.js.map HTTP/1.1" 304 -
::1 - - [18/Apr/2023:19:59:01 +0000] "GET /static/js/3.059ce359.chunk.js.map HTTP/1.1" 304 -
::1 - - [18/Apr/2023:19:59:01 +0000] "GET /static/js/4.3183ad7d.chunk.js.map HTTP/1.1" 304 -
::1 - - [18/Apr/2023:19:59:01 +0000] "GET /static/js/2.1f74af05.chunk.js.map HTTP/1.1" 304 -
::1 - - [18/Apr/2023:19:59:01 +0000] "GET /lock.png HTTP/1.1" 200 3426
::1 - - [18/Apr/2023:19:59:01 +0000] "GET /networks/eth.svg HTTP/1.1" 200 552
::1 - - [18/Apr/2023:19:59:01 +0000] "GET /networks/cronos.svg HTTP/1.1" 200 964
::1 - - [18/Apr/2023:19:59:01 +0000] "GET /networks/bsc.png HTTP/1.1" 200 12213
::1 - - [18/Apr/2023:19:59:01 +0000] "GET /networks/matic.svg HTTP/1.1" 200 1286
::1 - - [18/Apr/2023:19:59:01 +0000] "GET /networks/avax.svg HTTP/1.1" 200 1619
::1 - - [18/Apr/2023:19:59:01 +0000] "GET /networks/kek.png HTTP/1.1" 200 76191
::1 - - [18/Apr/2023:19:59:01 +0000] "GET /networks/fren.svg HTTP/1.1" 200 477013
::1 - - [18/Apr/2023:19:59:01 +0000] "GET /favicon.png HTTP/1.1" 200 28680
::1 - - [18/Apr/2023:19:59:01 +0000] "GET /static/media/meta-mask.9d774d68.svg HTTP/1.1" 304 -
::1 - - [18/Apr/2023:19:59:02 +0000] "GET /project.png HTTP/1.1" 304 -
